<!DOCTYPE html>

<html>
  <head>
  <meta charset='utf-8'>
  <title>TestNG reports</title>

    <link type="text/css" href="testng-reports1.css" rel="stylesheet" id="ultra" />
    <link type="text/css" href="testng-reports.css" rel="stylesheet" id="retro" disabled="false"/>
    <script type="text/javascript" src="jquery-3.4.1.min.js"></script>
    <script type="text/javascript" src="testng-reports.js"></script>
    <script type="text/javascript" src="https://www.google.com/jsapi"></script>
    <script type='text/javascript'>
      google.load('visualization', '1', {packages:['table']});
      google.setOnLoadCallback(drawTable);
      var suiteTableInitFunctions = new Array();
      var suiteTableData = new Array();
    </script>
    <!--
      <script type="text/javascript" src="jquery-ui/js/jquery-ui-1.8.16.custom.min.js"></script>
     -->
  </head>

  <body>
    <div class="top-banner-root">
      <span class="top-banner-title-font">Test results</span>
      <button id="button" class="button">Switch Retro Theme</button> <!-- button -->
      <br/>
      <span class="top-banner-font-1">1 suite, 4 failed tests</span>
    </div> <!-- top-banner-root -->
    <div class="navigator-root">
      <div class="navigator-suite-header">
        <span>All suites</span>
        <a href="#" title="Collapse/expand all the suites" class="collapse-all-link">
          <img src="collapseall.gif" class="collapse-all-icon">
          </img> <!-- collapse-all-icon -->
        </a> <!-- collapse-all-link -->
      </div> <!-- navigator-suite-header -->
      <div class="suite">
        <div class="rounded-window">
          <div class="suite-header light-rounded-window-top">
            <a href="#" panel-name="suite-Guru_BankTestAutomationSuite" class="navigator-link">
              <span class="suite-name border-failed">Guru_BankTestAutomationSuite</span>
            </a> <!-- navigator-link -->
          </div> <!-- suite-header light-rounded-window-top -->
          <div class="navigator-suite-content">
            <div class="suite-section-title">
              <span>Info</span>
            </div> <!-- suite-section-title -->
            <div class="suite-section-content">
              <ul>
                <li>
                  <a href="#" panel-name="test-xml-Guru_BankTestAutomationSuite" class="navigator-link ">
                    <span>C:\Users\MANOHAR CH\eclipse-workspace\GuruBank\testng.xml</span>
                  </a> <!-- navigator-link  -->
                </li>
                <li>
                  <a href="#" panel-name="testlist-Guru_BankTestAutomationSuite" class="navigator-link ">
                    <span class="test-stats">1 test</span>
                  </a> <!-- navigator-link  -->
                </li>
                <li>
                  <a href="#" panel-name="group-Guru_BankTestAutomationSuite" class="navigator-link ">
                    <span>0 groups</span>
                  </a> <!-- navigator-link  -->
                </li>
                <li>
                  <a href="#" panel-name="times-Guru_BankTestAutomationSuite" class="navigator-link ">
                    <span>Times</span>
                  </a> <!-- navigator-link  -->
                </li>
                <li>
                  <a href="#" panel-name="reporter-Guru_BankTestAutomationSuite" class="navigator-link ">
                    <span>Reporter output</span>
                  </a> <!-- navigator-link  -->
                </li>
                <li>
                  <a href="#" panel-name="ignored-methods-Guru_BankTestAutomationSuite" class="navigator-link ">
                    <span>Ignored methods</span>
                  </a> <!-- navigator-link  -->
                </li>
                <li>
                  <a href="#" panel-name="chronological-Guru_BankTestAutomationSuite" class="navigator-link ">
                    <span>Chronological view</span>
                  </a> <!-- navigator-link  -->
                </li>
              </ul>
            </div> <!-- suite-section-content -->
            <div class="result-section">
              <div class="suite-section-title">
                <span>Results</span>
              </div> <!-- suite-section-title -->
              <div class="suite-section-content">
                <ul>
                  <li>
                    <span class="method-stats">12 methods, 4 failed,  3 skipped,  5 passed</span>
                  </li>
                  <li>
                    <span class="method-list-title failed">Failed methods</span>
                    <span class="show-or-hide-methods failed">
                      <a href="#" panel-name="suite-Guru_BankTestAutomationSuite" class="hide-methods failed suite-Guru_BankTestAutomationSuite"> (hide)</a> <!-- hide-methods failed suite-Guru_BankTestAutomationSuite -->
                      <a href="#" panel-name="suite-Guru_BankTestAutomationSuite" class="show-methods failed suite-Guru_BankTestAutomationSuite"> (show)</a> <!-- show-methods failed suite-Guru_BankTestAutomationSuite -->
                    </span>
                    <div class="method-list-content failed suite-Guru_BankTestAutomationSuite">
                      <span>
                        <img src="failed.png" width="3%"/>
                        <a href="#" panel-name="suite-Guru_BankTestAutomationSuite" title="com.gb.TestCases.LoginPageTest" class="method navigator-link" hash-for-method="GuruLoginPageHeaderTest">GuruLoginPageHeaderTest</a> <!-- method navigator-link -->
                      </span>
                      <br/>
                      <span>
                        <img src="failed.png" width="3%"/>
                        <a href="#" panel-name="suite-Guru_BankTestAutomationSuite" title="com.gb.TestCases.NewCustomerPageTest" class="method navigator-link" hash-for-method="Validatecreatenewcustomer(Marissa, 06/09/1893, 46580 Meadow Valley Way, Fort Lauderdale, Florida, 436610.0, 7.894561244E9, mni...)">Validatecreatenewcustomer(Marissa, 06/09/1893, 46580 Meadow Valley Way, Fort Lauderdale, Florida, 436610.0, 7.894561244E9, mni...)</a> <!-- method navigator-link -->
                      </span>
                      <br/>
                      <span>
                        <img src="failed.png" width="3%"/>
                        <a href="#" panel-name="suite-Guru_BankTestAutomationSuite" title="com.gb.TestCases.LoginPageTest" class="method navigator-link" hash-for-method="loginPageTitleTest">loginPageTitleTest</a> <!-- method navigator-link -->
                      </span>
                      <br/>
                      <span>
                        <img src="failed.png" width="3%"/>
                        <a href="#" panel-name="suite-Guru_BankTestAutomationSuite" title="com.gb.TestCases.LoginPageTest" class="method navigator-link" hash-for-method="loginTest">loginTest</a> <!-- method navigator-link -->
                      </span>
                      <br/>
                    </div> <!-- method-list-content failed suite-Guru_BankTestAutomationSuite -->
                  </li>
                  <li>
                    <span class="method-list-title skipped">Skipped methods</span>
                    <span class="show-or-hide-methods skipped">
                      <a href="#" panel-name="suite-Guru_BankTestAutomationSuite" class="hide-methods skipped suite-Guru_BankTestAutomationSuite"> (hide)</a> <!-- hide-methods skipped suite-Guru_BankTestAutomationSuite -->
                      <a href="#" panel-name="suite-Guru_BankTestAutomationSuite" class="show-methods skipped suite-Guru_BankTestAutomationSuite"> (show)</a> <!-- show-methods skipped suite-Guru_BankTestAutomationSuite -->
                    </span>
                    <div class="method-list-content skipped suite-Guru_BankTestAutomationSuite">
                      <span>
                        <img src="skipped.png" width="3%"/>
                        <a href="#" panel-name="suite-Guru_BankTestAutomationSuite" title="com.gb.TestCases.HomePageTest" class="method navigator-link" hash-for-method="verifyManagerHomePageTitleTest">verifyManagerHomePageTitleTest</a> <!-- method navigator-link -->
                      </span>
                      <br/>
                      <span>
                        <img src="skipped.png" width="3%"/>
                        <a href="#" panel-name="suite-Guru_BankTestAutomationSuite" title="com.gb.TestCases.HomePageTest" class="method navigator-link" hash-for-method="verifyManagerHomepageHeadingTest">verifyManagerHomepageHeadingTest</a> <!-- method navigator-link -->
                      </span>
                      <br/>
                      <span>
                        <img src="skipped.png" width="3%"/>
                        <a href="#" panel-name="suite-Guru_BankTestAutomationSuite" title="com.gb.TestCases.HomePageTest" class="method navigator-link" hash-for-method="verifyManagerIdTest">verifyManagerIdTest</a> <!-- method navigator-link -->
                      </span>
                      <br/>
                    </div> <!-- method-list-content skipped suite-Guru_BankTestAutomationSuite -->
                  </li>
                  <li>
                    <span class="method-list-title passed">Passed methods</span>
                    <span class="show-or-hide-methods passed">
                      <a href="#" panel-name="suite-Guru_BankTestAutomationSuite" class="hide-methods passed suite-Guru_BankTestAutomationSuite"> (hide)</a> <!-- hide-methods passed suite-Guru_BankTestAutomationSuite -->
                      <a href="#" panel-name="suite-Guru_BankTestAutomationSuite" class="show-methods passed suite-Guru_BankTestAutomationSuite"> (show)</a> <!-- show-methods passed suite-Guru_BankTestAutomationSuite -->
                    </span>
                    <div class="method-list-content passed suite-Guru_BankTestAutomationSuite">
                      <span>
                        <img src="passed.png" width="3%"/>
                        <a href="#" panel-name="suite-Guru_BankTestAutomationSuite" title="com.gb.TestCases.NewCustomerPageTest" class="method navigator-link" hash-for-method="NewCustomerpageTitleTest">NewCustomerpageTitleTest</a> <!-- method navigator-link -->
                      </span>
                      <br/>
                      <span>
                        <img src="passed.png" width="3%"/>
                        <a href="#" panel-name="suite-Guru_BankTestAutomationSuite" title="com.gb.TestCases.NewCustomerPageTest" class="method navigator-link" hash-for-method="Validatecreatenewcustomer(Von, 06/09/1889, 54 Loeprich Road, Concord, California, 945222.0, 7.89456124E9, vswadlen9@oracle.com...)">Validatecreatenewcustomer(Von, 06/09/1889, 54 Loeprich Road, Concord, California, 945222.0, 7.89456124E9, vswadlen9@oracle.com...)</a> <!-- method navigator-link -->
                      </span>
                      <br/>
                      <span>
                        <img src="passed.png" width="3%"/>
                        <a href="#" panel-name="suite-Guru_BankTestAutomationSuite" title="com.gb.TestCases.NewCustomerPageTest" class="method navigator-link" hash-for-method="Validatecreatenewcustomer(Aila, 06/09/1890, 8 Dorton Circle, Toledo, Ohio, 433610.0, 7.894561241E9, alogiea@themeforest.net, 0...)">Validatecreatenewcustomer(Aila, 06/09/1890, 8 Dorton Circle, Toledo, Ohio, 433610.0, 7.894561241E9, alogiea@themeforest.net, 0...)</a> <!-- method navigator-link -->
                      </span>
                      <br/>
                      <span>
                        <img src="passed.png" width="3%"/>
                        <a href="#" panel-name="suite-Guru_BankTestAutomationSuite" title="com.gb.TestCases.NewCustomerPageTest" class="method navigator-link" hash-for-method="Validatecreatenewcustomer(Fanechka, 06/09/1892, 18043 Ridgeview Trail, Jacksonville, Florida, 435610.0, 7.894561243E9, fbraunl...)">Validatecreatenewcustomer(Fanechka, 06/09/1892, 18043 Ridgeview Trail, Jacksonville, Florida, 435610.0, 7.894561243E9, fbraunl...)</a> <!-- method navigator-link -->
                      </span>
                      <br/>
                      <span>
                        <img src="passed.png" width="3%"/>
                        <a href="#" panel-name="suite-Guru_BankTestAutomationSuite" title="com.gb.TestCases.NewCustomerPageTest" class="method navigator-link" hash-for-method="Validatecreatenewcustomer(Sol, 06/09/1891, 925 Summit Alley, New York City, New York, 436140.0, 7.894561242E9, smccutheonb@dis...)">Validatecreatenewcustomer(Sol, 06/09/1891, 925 Summit Alley, New York City, New York, 436140.0, 7.894561242E9, smccutheonb@dis...)</a> <!-- method navigator-link -->
                      </span>
                      <br/>
                    </div> <!-- method-list-content passed suite-Guru_BankTestAutomationSuite -->
                  </li>
                </ul>
              </div> <!-- suite-section-content -->
            </div> <!-- result-section -->
          </div> <!-- navigator-suite-content -->
        </div> <!-- rounded-window -->
      </div> <!-- suite -->
    </div> <!-- navigator-root -->
    <div class="wrapper">
      <div class="main-panel-root">
        <div panel-name="suite-Guru_BankTestAutomationSuite" class="panel Guru_BankTestAutomationSuite">
          <div class="suite-Guru_BankTestAutomationSuite-class-failed">
            <div class="main-panel-header rounded-window-top">
              <img src="failed.png"/>
              <span class="class-name">com.gb.TestCases.NewCustomerPageTest</span>
            </div> <!-- main-panel-header rounded-window-top -->
            <div class="main-panel-content rounded-window-bottom">
              <div class="method">
                <div class="method-content">
                  <a name="Validatecreatenewcustomer(Marissa, 06/09/1893, 46580 Meadow Valley Way, Fort Lauderdale, Florida, 436610.0, 7.894561244E9, mni...)">
                  </a> <!-- Validatecreatenewcustomer(Marissa, 06/09/1893, 46580 Meadow Valley Way, Fort Lauderdale, Florida, 436610.0, 7.894561244E9, mni...) -->
                  <span class="method-name">Validatecreatenewcustomer</span>
                  <span class="parameters">(Marissa, 06/09/1893, 46580 Meadow Valley Way, Fort Lauderdale, Florida, 436610.0, 7.894561244E9, mnicklend@mapy.cz, YtMPPVM0)</span>
                  <div class="stack-trace">org.openqa.selenium.NoSuchElementException: no such element: Unable to locate element: {&quot;method&quot;:&quot;css selector&quot;,&quot;selector&quot;:&quot;*[name=&apos;name&apos;]&quot;}
  (Session info: chrome=88.0.4324.104)
For documentation on this error, please visit: https://www.seleniumhq.org/exceptions/no_such_element.html
Build info: version: &apos;3.141.59&apos;, revision: &apos;e82be7d358&apos;, time: &apos;2018-11-14T08:17:03&apos;
System info: host: &apos;DESKTOP-I302L0I&apos;, ip: &apos;192.168.1.100&apos;, os.name: &apos;Windows 10&apos;, os.arch: &apos;amd64&apos;, os.version: &apos;10.0&apos;, java.version: &apos;15.0.1&apos;
Driver info: org.openqa.selenium.chrome.ChromeDriver
Capabilities {acceptInsecureCerts: false, browserName: chrome, browserVersion: 88.0.4324.104, chrome: {chromedriverVersion: 88.0.4324.96 (68dba2d8a0b14..., userDataDir: C:\Users\MANOHA~1\AppData\L...}, goog:chromeOptions: {debuggerAddress: localhost:50029}, javascriptEnabled: true, networkConnectionEnabled: false, pageLoadStrategy: none, platform: WINDOWS, platformName: WINDOWS, proxy: Proxy(), setWindowRect: true, strictFileInteractability: false, timeouts: {implicit: 0, pageLoad: 300000, script: 30000}, unhandledPromptBehavior: dismiss and notify, webauthn:extension:largeBlob: true, webauthn:virtualAuthenticators: true}
Session ID: 8022a5036f310da0d4858e153ed38080
*** Element info: {Using=name, value=name}
	at org.openqa.selenium.remote.http.W3CHttpResponseCodec.createException(W3CHttpResponseCodec.java:187)
	at org.openqa.selenium.remote.http.W3CHttpResponseCodec.decode(W3CHttpResponseCodec.java:122)
	at org.openqa.selenium.remote.http.W3CHttpResponseCodec.decode(W3CHttpResponseCodec.java:49)
	at org.openqa.selenium.remote.HttpCommandExecutor.execute(HttpCommandExecutor.java:158)
	at org.openqa.selenium.remote.service.DriverCommandExecutor.execute(DriverCommandExecutor.java:83)
	at org.openqa.selenium.remote.RemoteWebDriver.execute(RemoteWebDriver.java:552)
	at org.openqa.selenium.remote.RemoteWebDriver.findElement(RemoteWebDriver.java:323)
	at org.openqa.selenium.remote.RemoteWebDriver.findElementByName(RemoteWebDriver.java:404)
	at org.openqa.selenium.By$ByName.findElement(By.java:284)
	at org.openqa.selenium.remote.RemoteWebDriver.findElement(RemoteWebDriver.java:315)
	at org.openqa.selenium.support.pagefactory.DefaultElementLocator.findElement(DefaultElementLocator.java:69)
	at org.openqa.selenium.support.pagefactory.internal.LocatingElementHandler.invoke(LocatingElementHandler.java:38)
	at com.sun.proxy.$Proxy13.sendKeys(Unknown Source)
	at com.gb.Pages.NewCustomerPage.AddNewCustomer(NewCustomerPage.java:62)
	at com.gb.TestCases.NewCustomerPageTest.Validatecreatenewcustomer(NewCustomerPageTest.java:58)
	at java.base/java.util.ArrayList.forEach(ArrayList.java:1511)
... Removed 32 stack frames
</div> <!-- stack-trace -->
                </div> <!-- method-content -->
              </div> <!-- method -->
            </div> <!-- main-panel-content rounded-window-bottom -->
          </div> <!-- suite-Guru_BankTestAutomationSuite-class-failed -->
          <div class="suite-Guru_BankTestAutomationSuite-class-failed">
            <div class="main-panel-header rounded-window-top">
              <img src="failed.png"/>
              <span class="class-name">com.gb.TestCases.LoginPageTest</span>
            </div> <!-- main-panel-header rounded-window-top -->
            <div class="main-panel-content rounded-window-bottom">
              <div class="method">
                <div class="method-content">
                  <a name="GuruLoginPageHeaderTest">
                  </a> <!-- GuruLoginPageHeaderTest -->
                  <span class="method-name">GuruLoginPageHeaderTest</span>
                  <div class="stack-trace">org.openqa.selenium.NoSuchElementException: no such element: Unable to locate element: {&quot;method&quot;:&quot;xpath&quot;,&quot;selector&quot;:&quot;//h2[@class=&apos;barone&apos;]&quot;}
  (Session info: chrome=88.0.4324.104)
For documentation on this error, please visit: https://www.seleniumhq.org/exceptions/no_such_element.html
Build info: version: &apos;3.141.59&apos;, revision: &apos;e82be7d358&apos;, time: &apos;2018-11-14T08:17:03&apos;
System info: host: &apos;DESKTOP-I302L0I&apos;, ip: &apos;192.168.1.100&apos;, os.name: &apos;Windows 10&apos;, os.arch: &apos;amd64&apos;, os.version: &apos;10.0&apos;, java.version: &apos;15.0.1&apos;
Driver info: org.openqa.selenium.chrome.ChromeDriver
Capabilities {acceptInsecureCerts: false, browserName: chrome, browserVersion: 88.0.4324.104, chrome: {chromedriverVersion: 88.0.4324.96 (68dba2d8a0b14..., userDataDir: C:\Users\MANOHA~1\AppData\L...}, goog:chromeOptions: {debuggerAddress: localhost:50127}, javascriptEnabled: true, networkConnectionEnabled: false, pageLoadStrategy: none, platform: WINDOWS, platformName: WINDOWS, proxy: Proxy(), setWindowRect: true, strictFileInteractability: false, timeouts: {implicit: 0, pageLoad: 300000, script: 30000}, unhandledPromptBehavior: dismiss and notify, webauthn:extension:largeBlob: true, webauthn:virtualAuthenticators: true}
Session ID: d9f938c1525d556caa9aa7ecb271c551
*** Element info: {Using=xpath, value=//h2[@class=&apos;barone&apos;]}
	at org.openqa.selenium.remote.http.W3CHttpResponseCodec.createException(W3CHttpResponseCodec.java:187)
	at org.openqa.selenium.remote.http.W3CHttpResponseCodec.decode(W3CHttpResponseCodec.java:122)
	at org.openqa.selenium.remote.http.W3CHttpResponseCodec.decode(W3CHttpResponseCodec.java:49)
	at org.openqa.selenium.remote.HttpCommandExecutor.execute(HttpCommandExecutor.java:158)
	at org.openqa.selenium.remote.service.DriverCommandExecutor.execute(DriverCommandExecutor.java:83)
	at org.openqa.selenium.remote.RemoteWebDriver.execute(RemoteWebDriver.java:552)
	at org.openqa.selenium.remote.RemoteWebDriver.findElement(RemoteWebDriver.java:323)
	at org.openqa.selenium.remote.RemoteWebDriver.findElementByXPath(RemoteWebDriver.java:428)
	at org.openqa.selenium.By$ByXPath.findElement(By.java:353)
	at org.openqa.selenium.remote.RemoteWebDriver.findElement(RemoteWebDriver.java:315)
	at org.openqa.selenium.support.pagefactory.DefaultElementLocator.findElement(DefaultElementLocator.java:69)
	at org.openqa.selenium.support.pagefactory.internal.LocatingElementHandler.invoke(LocatingElementHandler.java:38)
	at com.sun.proxy.$Proxy13.isDisplayed(Unknown Source)
	at com.gb.Pages.LoginPage.verifyguru99headertext(LoginPage.java:34)
	at com.gb.TestCases.LoginPageTest.GuruLoginPageHeaderTest(LoginPageTest.java:39)
	at java.base/java.util.ArrayList.forEach(ArrayList.java:1511)
... Removed 32 stack frames
</div> <!-- stack-trace -->
                </div> <!-- method-content -->
              </div> <!-- method -->
              <div class="method">
                <div class="method-content">
                  <a name="loginPageTitleTest">
                  </a> <!-- loginPageTitleTest -->
                  <span class="method-name">loginPageTitleTest</span>
                  <div class="stack-trace">java.lang.AssertionError: expected [Guru99 Bank Home Page] but found []
	at com.gb.TestCases.LoginPageTest.loginPageTitleTest(LoginPageTest.java:31)
	at java.base/java.util.ArrayList.forEach(ArrayList.java:1511)
... Removed 33 stack frames
</div> <!-- stack-trace -->
                </div> <!-- method-content -->
              </div> <!-- method -->
              <div class="method">
                <div class="method-content">
                  <a name="loginTest">
                  </a> <!-- loginTest -->
                  <span class="method-name">loginTest</span>
                  <div class="stack-trace">org.openqa.selenium.NoSuchElementException: no such element: Unable to locate element: {&quot;method&quot;:&quot;xpath&quot;,&quot;selector&quot;:&quot;//input[@name=&apos;uid&apos;]&quot;}
  (Session info: chrome=88.0.4324.104)
For documentation on this error, please visit: https://www.seleniumhq.org/exceptions/no_such_element.html
Build info: version: &apos;3.141.59&apos;, revision: &apos;e82be7d358&apos;, time: &apos;2018-11-14T08:17:03&apos;
System info: host: &apos;DESKTOP-I302L0I&apos;, ip: &apos;192.168.1.100&apos;, os.name: &apos;Windows 10&apos;, os.arch: &apos;amd64&apos;, os.version: &apos;10.0&apos;, java.version: &apos;15.0.1&apos;
Driver info: org.openqa.selenium.chrome.ChromeDriver
Capabilities {acceptInsecureCerts: false, browserName: chrome, browserVersion: 88.0.4324.104, chrome: {chromedriverVersion: 88.0.4324.96 (68dba2d8a0b14..., userDataDir: C:\Users\MANOHA~1\AppData\L...}, goog:chromeOptions: {debuggerAddress: localhost:50088}, javascriptEnabled: true, networkConnectionEnabled: false, pageLoadStrategy: none, platform: WINDOWS, platformName: WINDOWS, proxy: Proxy(), setWindowRect: true, strictFileInteractability: false, timeouts: {implicit: 0, pageLoad: 300000, script: 30000}, unhandledPromptBehavior: dismiss and notify, webauthn:extension:largeBlob: true, webauthn:virtualAuthenticators: true}
Session ID: 254cc273a7544375e6a43b5bd6f5370d
*** Element info: {Using=xpath, value=//input[@name=&apos;uid&apos;]}
	at org.openqa.selenium.remote.http.W3CHttpResponseCodec.createException(W3CHttpResponseCodec.java:187)
	at org.openqa.selenium.remote.http.W3CHttpResponseCodec.decode(W3CHttpResponseCodec.java:122)
	at org.openqa.selenium.remote.http.W3CHttpResponseCodec.decode(W3CHttpResponseCodec.java:49)
	at org.openqa.selenium.remote.HttpCommandExecutor.execute(HttpCommandExecutor.java:158)
	at org.openqa.selenium.remote.service.DriverCommandExecutor.execute(DriverCommandExecutor.java:83)
	at org.openqa.selenium.remote.RemoteWebDriver.execute(RemoteWebDriver.java:552)
	at org.openqa.selenium.remote.RemoteWebDriver.findElement(RemoteWebDriver.java:323)
	at org.openqa.selenium.remote.RemoteWebDriver.findElementByXPath(RemoteWebDriver.java:428)
	at org.openqa.selenium.By$ByXPath.findElement(By.java:353)
	at org.openqa.selenium.remote.RemoteWebDriver.findElement(RemoteWebDriver.java:315)
	at org.openqa.selenium.support.pagefactory.DefaultElementLocator.findElement(DefaultElementLocator.java:69)
	at org.openqa.selenium.support.pagefactory.internal.LocatingElementHandler.invoke(LocatingElementHandler.java:38)
	at com.sun.proxy.$Proxy13.sendKeys(Unknown Source)
	at com.gb.Pages.LoginPage.VerifyLogin(LoginPage.java:38)
	at com.gb.TestCases.LoginPageTest.loginTest(LoginPageTest.java:35)
	at java.base/java.util.ArrayList.forEach(ArrayList.java:1511)
... Removed 32 stack frames
</div> <!-- stack-trace -->
                </div> <!-- method-content -->
              </div> <!-- method -->
            </div> <!-- main-panel-content rounded-window-bottom -->
          </div> <!-- suite-Guru_BankTestAutomationSuite-class-failed -->
          <div class="suite-Guru_BankTestAutomationSuite-class-skipped">
            <div class="main-panel-header rounded-window-top">
              <img src="skipped.png"/>
              <span class="class-name">com.gb.TestCases.HomePageTest</span>
            </div> <!-- main-panel-header rounded-window-top -->
            <div class="main-panel-content rounded-window-bottom">
              <div class="method">
                <div class="method-content">
                  <a name="verifyManagerHomePageTitleTest">
                  </a> <!-- verifyManagerHomePageTitleTest -->
                  <span class="method-name">verifyManagerHomePageTitleTest</span>
                  <div class="stack-trace">org.openqa.selenium.NoSuchElementException: no such element: Unable to locate element: {&quot;method&quot;:&quot;xpath&quot;,&quot;selector&quot;:&quot;//input[@name=&apos;uid&apos;]&quot;}
  (Session info: chrome=88.0.4324.104)
For documentation on this error, please visit: https://www.seleniumhq.org/exceptions/no_such_element.html
Build info: version: &apos;3.141.59&apos;, revision: &apos;e82be7d358&apos;, time: &apos;2018-11-14T08:17:03&apos;
System info: host: &apos;DESKTOP-I302L0I&apos;, ip: &apos;192.168.1.100&apos;, os.name: &apos;Windows 10&apos;, os.arch: &apos;amd64&apos;, os.version: &apos;10.0&apos;, java.version: &apos;15.0.1&apos;
Driver info: org.openqa.selenium.chrome.ChromeDriver
Capabilities {acceptInsecureCerts: false, browserName: chrome, browserVersion: 88.0.4324.104, chrome: {chromedriverVersion: 88.0.4324.96 (68dba2d8a0b14..., userDataDir: C:\Users\MANOHA~1\AppData\L...}, goog:chromeOptions: {debuggerAddress: localhost:50074}, javascriptEnabled: true, networkConnectionEnabled: false, pageLoadStrategy: none, platform: WINDOWS, platformName: WINDOWS, proxy: Proxy(), setWindowRect: true, strictFileInteractability: false, timeouts: {implicit: 0, pageLoad: 300000, script: 30000}, unhandledPromptBehavior: dismiss and notify, webauthn:extension:largeBlob: true, webauthn:virtualAuthenticators: true}
Session ID: cfff22856b969d1b8134367a3f193270
*** Element info: {Using=xpath, value=//input[@name=&apos;uid&apos;]}
	at org.openqa.selenium.remote.http.W3CHttpResponseCodec.createException(W3CHttpResponseCodec.java:187)
	at org.openqa.selenium.remote.http.W3CHttpResponseCodec.decode(W3CHttpResponseCodec.java:122)
	at org.openqa.selenium.remote.http.W3CHttpResponseCodec.decode(W3CHttpResponseCodec.java:49)
	at org.openqa.selenium.remote.HttpCommandExecutor.execute(HttpCommandExecutor.java:158)
	at org.openqa.selenium.remote.service.DriverCommandExecutor.execute(DriverCommandExecutor.java:83)
	at org.openqa.selenium.remote.RemoteWebDriver.execute(RemoteWebDriver.java:552)
	at org.openqa.selenium.remote.RemoteWebDriver.findElement(RemoteWebDriver.java:323)
	at org.openqa.selenium.remote.RemoteWebDriver.findElementByXPath(RemoteWebDriver.java:428)
	at org.openqa.selenium.By$ByXPath.findElement(By.java:353)
	at org.openqa.selenium.remote.RemoteWebDriver.findElement(RemoteWebDriver.java:315)
	at org.openqa.selenium.support.pagefactory.DefaultElementLocator.findElement(DefaultElementLocator.java:69)
	at org.openqa.selenium.support.pagefactory.internal.LocatingElementHandler.invoke(LocatingElementHandler.java:38)
	at com.sun.proxy.$Proxy13.sendKeys(Unknown Source)
	at com.gb.Pages.LoginPage.VerifyLogin(LoginPage.java:38)
	at com.gb.TestCases.HomePageTest.setUp(HomePageTest.java:26)
	at java.base/java.util.ArrayList.forEach(ArrayList.java:1511)
... Removed 36 stack frames
</div> <!-- stack-trace -->
                </div> <!-- method-content -->
              </div> <!-- method -->
              <div class="method">
                <div class="method-content">
                  <a name="verifyManagerHomepageHeadingTest">
                  </a> <!-- verifyManagerHomepageHeadingTest -->
                  <span class="method-name">verifyManagerHomepageHeadingTest</span>
                  <div class="stack-trace">org.openqa.selenium.NoSuchElementException: no such element: Unable to locate element: {&quot;method&quot;:&quot;xpath&quot;,&quot;selector&quot;:&quot;//input[@name=&apos;uid&apos;]&quot;}
  (Session info: chrome=88.0.4324.104)
For documentation on this error, please visit: https://www.seleniumhq.org/exceptions/no_such_element.html
Build info: version: &apos;3.141.59&apos;, revision: &apos;e82be7d358&apos;, time: &apos;2018-11-14T08:17:03&apos;
System info: host: &apos;DESKTOP-I302L0I&apos;, ip: &apos;192.168.1.100&apos;, os.name: &apos;Windows 10&apos;, os.arch: &apos;amd64&apos;, os.version: &apos;10.0&apos;, java.version: &apos;15.0.1&apos;
Driver info: org.openqa.selenium.chrome.ChromeDriver
Capabilities {acceptInsecureCerts: false, browserName: chrome, browserVersion: 88.0.4324.104, chrome: {chromedriverVersion: 88.0.4324.96 (68dba2d8a0b14..., userDataDir: C:\Users\MANOHA~1\AppData\L...}, goog:chromeOptions: {debuggerAddress: localhost:50074}, javascriptEnabled: true, networkConnectionEnabled: false, pageLoadStrategy: none, platform: WINDOWS, platformName: WINDOWS, proxy: Proxy(), setWindowRect: true, strictFileInteractability: false, timeouts: {implicit: 0, pageLoad: 300000, script: 30000}, unhandledPromptBehavior: dismiss and notify, webauthn:extension:largeBlob: true, webauthn:virtualAuthenticators: true}
Session ID: cfff22856b969d1b8134367a3f193270
*** Element info: {Using=xpath, value=//input[@name=&apos;uid&apos;]}
	at org.openqa.selenium.remote.http.W3CHttpResponseCodec.createException(W3CHttpResponseCodec.java:187)
	at org.openqa.selenium.remote.http.W3CHttpResponseCodec.decode(W3CHttpResponseCodec.java:122)
	at org.openqa.selenium.remote.http.W3CHttpResponseCodec.decode(W3CHttpResponseCodec.java:49)
	at org.openqa.selenium.remote.HttpCommandExecutor.execute(HttpCommandExecutor.java:158)
	at org.openqa.selenium.remote.service.DriverCommandExecutor.execute(DriverCommandExecutor.java:83)
	at org.openqa.selenium.remote.RemoteWebDriver.execute(RemoteWebDriver.java:552)
	at org.openqa.selenium.remote.RemoteWebDriver.findElement(RemoteWebDriver.java:323)
	at org.openqa.selenium.remote.RemoteWebDriver.findElementByXPath(RemoteWebDriver.java:428)
	at org.openqa.selenium.By$ByXPath.findElement(By.java:353)
	at org.openqa.selenium.remote.RemoteWebDriver.findElement(RemoteWebDriver.java:315)
	at org.openqa.selenium.support.pagefactory.DefaultElementLocator.findElement(DefaultElementLocator.java:69)
	at org.openqa.selenium.support.pagefactory.internal.LocatingElementHandler.invoke(LocatingElementHandler.java:38)
	at com.sun.proxy.$Proxy13.sendKeys(Unknown Source)
	at com.gb.Pages.LoginPage.VerifyLogin(LoginPage.java:38)
	at com.gb.TestCases.HomePageTest.setUp(HomePageTest.java:26)
	at java.base/java.util.ArrayList.forEach(ArrayList.java:1511)
... Removed 36 stack frames
</div> <!-- stack-trace -->
                </div> <!-- method-content -->
              </div> <!-- method -->
              <div class="method">
                <div class="method-content">
                  <a name="verifyManagerIdTest">
                  </a> <!-- verifyManagerIdTest -->
                  <span class="method-name">verifyManagerIdTest</span>
                  <div class="stack-trace">org.openqa.selenium.NoSuchElementException: no such element: Unable to locate element: {&quot;method&quot;:&quot;xpath&quot;,&quot;selector&quot;:&quot;//input[@name=&apos;uid&apos;]&quot;}
  (Session info: chrome=88.0.4324.104)
For documentation on this error, please visit: https://www.seleniumhq.org/exceptions/no_such_element.html
Build info: version: &apos;3.141.59&apos;, revision: &apos;e82be7d358&apos;, time: &apos;2018-11-14T08:17:03&apos;
System info: host: &apos;DESKTOP-I302L0I&apos;, ip: &apos;192.168.1.100&apos;, os.name: &apos;Windows 10&apos;, os.arch: &apos;amd64&apos;, os.version: &apos;10.0&apos;, java.version: &apos;15.0.1&apos;
Driver info: org.openqa.selenium.chrome.ChromeDriver
Capabilities {acceptInsecureCerts: false, browserName: chrome, browserVersion: 88.0.4324.104, chrome: {chromedriverVersion: 88.0.4324.96 (68dba2d8a0b14..., userDataDir: C:\Users\MANOHA~1\AppData\L...}, goog:chromeOptions: {debuggerAddress: localhost:50074}, javascriptEnabled: true, networkConnectionEnabled: false, pageLoadStrategy: none, platform: WINDOWS, platformName: WINDOWS, proxy: Proxy(), setWindowRect: true, strictFileInteractability: false, timeouts: {implicit: 0, pageLoad: 300000, script: 30000}, unhandledPromptBehavior: dismiss and notify, webauthn:extension:largeBlob: true, webauthn:virtualAuthenticators: true}
Session ID: cfff22856b969d1b8134367a3f193270
*** Element info: {Using=xpath, value=//input[@name=&apos;uid&apos;]}
	at org.openqa.selenium.remote.http.W3CHttpResponseCodec.createException(W3CHttpResponseCodec.java:187)
	at org.openqa.selenium.remote.http.W3CHttpResponseCodec.decode(W3CHttpResponseCodec.java:122)
	at org.openqa.selenium.remote.http.W3CHttpResponseCodec.decode(W3CHttpResponseCodec.java:49)
	at org.openqa.selenium.remote.HttpCommandExecutor.execute(HttpCommandExecutor.java:158)
	at org.openqa.selenium.remote.service.DriverCommandExecutor.execute(DriverCommandExecutor.java:83)
	at org.openqa.selenium.remote.RemoteWebDriver.execute(RemoteWebDriver.java:552)
	at org.openqa.selenium.remote.RemoteWebDriver.findElement(RemoteWebDriver.java:323)
	at org.openqa.selenium.remote.RemoteWebDriver.findElementByXPath(RemoteWebDriver.java:428)
	at org.openqa.selenium.By$ByXPath.findElement(By.java:353)
	at org.openqa.selenium.remote.RemoteWebDriver.findElement(RemoteWebDriver.java:315)
	at org.openqa.selenium.support.pagefactory.DefaultElementLocator.findElement(DefaultElementLocator.java:69)
	at org.openqa.selenium.support.pagefactory.internal.LocatingElementHandler.invoke(LocatingElementHandler.java:38)
	at com.sun.proxy.$Proxy13.sendKeys(Unknown Source)
	at com.gb.Pages.LoginPage.VerifyLogin(LoginPage.java:38)
	at com.gb.TestCases.HomePageTest.setUp(HomePageTest.java:26)
	at java.base/java.util.ArrayList.forEach(ArrayList.java:1511)
... Removed 36 stack frames
</div> <!-- stack-trace -->
                </div> <!-- method-content -->
              </div> <!-- method -->
            </div> <!-- main-panel-content rounded-window-bottom -->
          </div> <!-- suite-Guru_BankTestAutomationSuite-class-skipped -->
          <div class="suite-Guru_BankTestAutomationSuite-class-passed">
            <div class="main-panel-header rounded-window-top">
              <img src="passed.png"/>
              <span class="class-name">com.gb.TestCases.NewCustomerPageTest</span>
            </div> <!-- main-panel-header rounded-window-top -->
            <div class="main-panel-content rounded-window-bottom">
              <div class="method">
                <div class="method-content">
                  <a name="NewCustomerpageTitleTest">
                  </a> <!-- NewCustomerpageTitleTest -->
                  <span class="method-name">NewCustomerpageTitleTest</span>
                </div> <!-- method-content -->
              </div> <!-- method -->
              <div class="method">
                <div class="method-content">
                  <a name="Validatecreatenewcustomer(Von, 06/09/1889, 54 Loeprich Road, Concord, California, 945222.0, 7.89456124E9, vswadlen9@oracle.com...)">
                  </a> <!-- Validatecreatenewcustomer(Von, 06/09/1889, 54 Loeprich Road, Concord, California, 945222.0, 7.89456124E9, vswadlen9@oracle.com...) -->
                  <span class="method-name">Validatecreatenewcustomer</span>
                  <span class="parameters">(Von, 06/09/1889, 54 Loeprich Road, Concord, California, 945222.0, 7.89456124E9, vswadlen9@oracle.com, Wu77HdnuQTa)</span>
                </div> <!-- method-content -->
              </div> <!-- method -->
              <div class="method">
                <div class="method-content">
                  <a name="Validatecreatenewcustomer(Aila, 06/09/1890, 8 Dorton Circle, Toledo, Ohio, 433610.0, 7.894561241E9, alogiea@themeforest.net, 0...)">
                  </a> <!-- Validatecreatenewcustomer(Aila, 06/09/1890, 8 Dorton Circle, Toledo, Ohio, 433610.0, 7.894561241E9, alogiea@themeforest.net, 0...) -->
                  <span class="method-name">Validatecreatenewcustomer</span>
                  <span class="parameters">(Aila, 06/09/1890, 8 Dorton Circle, Toledo, Ohio, 433610.0, 7.894561241E9, alogiea@themeforest.net, 0HHR5QD1D)</span>
                </div> <!-- method-content -->
              </div> <!-- method -->
              <div class="method">
                <div class="method-content">
                  <a name="Validatecreatenewcustomer(Fanechka, 06/09/1892, 18043 Ridgeview Trail, Jacksonville, Florida, 435610.0, 7.894561243E9, fbraunl...)">
                  </a> <!-- Validatecreatenewcustomer(Fanechka, 06/09/1892, 18043 Ridgeview Trail, Jacksonville, Florida, 435610.0, 7.894561243E9, fbraunl...) -->
                  <span class="method-name">Validatecreatenewcustomer</span>
                  <span class="parameters">(Fanechka, 06/09/1892, 18043 Ridgeview Trail, Jacksonville, Florida, 435610.0, 7.894561243E9, fbraunleinc@joomla.org, 2QwUhocx)</span>
                </div> <!-- method-content -->
              </div> <!-- method -->
              <div class="method">
                <div class="method-content">
                  <a name="Validatecreatenewcustomer(Sol, 06/09/1891, 925 Summit Alley, New York City, New York, 436140.0, 7.894561242E9, smccutheonb@dis...)">
                  </a> <!-- Validatecreatenewcustomer(Sol, 06/09/1891, 925 Summit Alley, New York City, New York, 436140.0, 7.894561242E9, smccutheonb@dis...) -->
                  <span class="method-name">Validatecreatenewcustomer</span>
                  <span class="parameters">(Sol, 06/09/1891, 925 Summit Alley, New York City, New York, 436140.0, 7.894561242E9, smccutheonb@disqus.com, o7taLna45Se)</span>
                </div> <!-- method-content -->
              </div> <!-- method -->
            </div> <!-- main-panel-content rounded-window-bottom -->
          </div> <!-- suite-Guru_BankTestAutomationSuite-class-passed -->
        </div> <!-- panel Guru_BankTestAutomationSuite -->
        <div panel-name="test-xml-Guru_BankTestAutomationSuite" class="panel">
          <div class="main-panel-header rounded-window-top">
            <span class="header-content">C:\Users\MANOHAR CH\eclipse-workspace\GuruBank\testng.xml</span>
          </div> <!-- main-panel-header rounded-window-top -->
          <div class="main-panel-content rounded-window-bottom">
            <pre>
&lt;?xml version=&quot;1.0&quot; encoding=&quot;UTF-8&quot;?&gt;
&lt;!DOCTYPE suite SYSTEM &quot;https://testng.org/testng-1.0.dtd&quot;&gt;
&lt;suite name=&quot;Guru_BankTestAutomationSuite&quot; guice-stage=&quot;DEVELOPMENT&quot;&gt;
  &lt;listeners&gt;
    &lt;listener class-name=&quot;com.gb.ExtentReportListener.ExtentReport&quot;/&gt;
  &lt;/listeners&gt;
  &lt;test thread-count=&quot;5&quot; name=&quot;Test&quot;&gt;
    &lt;classes&gt;
      &lt;class name=&quot;com.gb.TestCases.NewCustomerPageTest&quot;/&gt;
      &lt;class name=&quot;com.gb.TestCases.HomePageTest&quot;/&gt;
      &lt;class name=&quot;com.gb.TestCases.LoginPageTest&quot;/&gt;
    &lt;/classes&gt;
  &lt;/test&gt; &lt;!-- Test --&gt;
&lt;/suite&gt; &lt;!-- Guru_BankTestAutomationSuite --&gt;
            </pre>
          </div> <!-- main-panel-content rounded-window-bottom -->
        </div> <!-- panel -->
        <div panel-name="testlist-Guru_BankTestAutomationSuite" class="panel">
          <div class="main-panel-header rounded-window-top">
            <span class="header-content">Tests for Guru_BankTestAutomationSuite</span>
          </div> <!-- main-panel-header rounded-window-top -->
          <div class="main-panel-content rounded-window-bottom">
            <ul>
              <li>
                <span class="test-name">Test (3 classes)</span>
              </li>
            </ul>
          </div> <!-- main-panel-content rounded-window-bottom -->
        </div> <!-- panel -->
        <div panel-name="group-Guru_BankTestAutomationSuite" class="panel">
          <div class="main-panel-header rounded-window-top">
            <span class="header-content">Groups for Guru_BankTestAutomationSuite</span>
          </div> <!-- main-panel-header rounded-window-top -->
          <div class="main-panel-content rounded-window-bottom">
          </div> <!-- main-panel-content rounded-window-bottom -->
        </div> <!-- panel -->
        <div panel-name="times-Guru_BankTestAutomationSuite" class="panel">
          <div class="main-panel-header rounded-window-top">
            <span class="header-content">Times for Guru_BankTestAutomationSuite</span>
          </div> <!-- main-panel-header rounded-window-top -->
          <div class="main-panel-content rounded-window-bottom">
            <div class="times-div">
              <script type="text/javascript">
suiteTableInitFunctions.push('tableData_Guru_BankTestAutomationSuite');
function tableData_Guru_BankTestAutomationSuite() {
var data = new google.visualization.DataTable();
data.addColumn('number', 'Number');
data.addColumn('string', 'Method');
data.addColumn('string', 'Class');
data.addColumn('number', 'Time (ms)');
data.addRows(12);
data.setCell(0, 0, 0)
data.setCell(0, 1, 'Validatecreatenewcustomer')
data.setCell(0, 2, 'com.gb.TestCases.NewCustomerPageTest')
data.setCell(0, 3, 22928);
data.setCell(1, 0, 1)
data.setCell(1, 1, 'loginTest')
data.setCell(1, 2, 'com.gb.TestCases.LoginPageTest')
data.setCell(1, 3, 21183);
data.setCell(2, 0, 2)
data.setCell(2, 1, 'loginPageTitleTest')
data.setCell(2, 2, 'com.gb.TestCases.LoginPageTest')
data.setCell(2, 3, 21142);
data.setCell(3, 0, 3)
data.setCell(3, 1, 'GuruLoginPageHeaderTest')
data.setCell(3, 2, 'com.gb.TestCases.LoginPageTest')
data.setCell(3, 3, 21137);
data.setCell(4, 0, 4)
data.setCell(4, 1, 'Validatecreatenewcustomer')
data.setCell(4, 2, 'com.gb.TestCases.NewCustomerPageTest')
data.setCell(4, 3, 6871);
data.setCell(5, 0, 5)
data.setCell(5, 1, 'NewCustomerpageTitleTest')
data.setCell(5, 2, 'com.gb.TestCases.NewCustomerPageTest')
data.setCell(5, 3, 6577);
data.setCell(6, 0, 6)
data.setCell(6, 1, 'Validatecreatenewcustomer')
data.setCell(6, 2, 'com.gb.TestCases.NewCustomerPageTest')
data.setCell(6, 3, 5630);
data.setCell(7, 0, 7)
data.setCell(7, 1, 'Validatecreatenewcustomer')
data.setCell(7, 2, 'com.gb.TestCases.NewCustomerPageTest')
data.setCell(7, 3, 5264);
data.setCell(8, 0, 8)
data.setCell(8, 1, 'Validatecreatenewcustomer')
data.setCell(8, 2, 'com.gb.TestCases.NewCustomerPageTest')
data.setCell(8, 3, 4294);
data.setCell(9, 0, 9)
data.setCell(9, 1, 'verifyManagerHomePageTitleTest')
data.setCell(9, 2, 'com.gb.TestCases.HomePageTest')
data.setCell(9, 3, 0);
data.setCell(10, 0, 10)
data.setCell(10, 1, 'verifyManagerHomepageHeadingTest')
data.setCell(10, 2, 'com.gb.TestCases.HomePageTest')
data.setCell(10, 3, 0);
data.setCell(11, 0, 11)
data.setCell(11, 1, 'verifyManagerIdTest')
data.setCell(11, 2, 'com.gb.TestCases.HomePageTest')
data.setCell(11, 3, 0);
window.suiteTableData['Guru_BankTestAutomationSuite']= { tableData: data, tableDiv: 'times-div-Guru_BankTestAutomationSuite'}
return data;
}
              </script>
              <span class="suite-total-time">Total running time: 1 minutes</span>
              <div id="times-div-Guru_BankTestAutomationSuite">
              </div> <!-- times-div-Guru_BankTestAutomationSuite -->
            </div> <!-- times-div -->
          </div> <!-- main-panel-content rounded-window-bottom -->
        </div> <!-- panel -->
        <div panel-name="reporter-Guru_BankTestAutomationSuite" class="panel">
          <div class="main-panel-header rounded-window-top">
            <span class="header-content">Reporter output for Guru_BankTestAutomationSuite</span>
          </div> <!-- main-panel-header rounded-window-top -->
          <div class="main-panel-content rounded-window-bottom">
          </div> <!-- main-panel-content rounded-window-bottom -->
        </div> <!-- panel -->
        <div panel-name="ignored-methods-Guru_BankTestAutomationSuite" class="panel">
          <div class="main-panel-header rounded-window-top">
            <span class="header-content">0 ignored methods</span>
          </div> <!-- main-panel-header rounded-window-top -->
          <div class="main-panel-content rounded-window-bottom">
          </div> <!-- main-panel-content rounded-window-bottom -->
        </div> <!-- panel -->
        <div panel-name="chronological-Guru_BankTestAutomationSuite" class="panel">
          <div class="main-panel-header rounded-window-top">
            <span class="header-content">Methods in chronological order</span>
          </div> <!-- main-panel-header rounded-window-top -->
          <div class="main-panel-content rounded-window-bottom">
            <div class="chronological-class">
              <div class="chronological-class-name">com.gb.TestCases.NewCustomerPageTest</div> <!-- chronological-class-name -->
              <div class="configuration-method before">
                <span class="method-name">setUp</span>
                <span class="method-start">0 ms</span>
              </div> <!-- configuration-method before -->
              <div class="test-method">
                <span class="method-name">NewCustomerpageTitleTest</span>
                <span class="method-start">8902 ms</span>
              </div> <!-- test-method -->
              <div class="configuration-method after">
                <span class="method-name">tearDown</span>
                <span class="method-start">15488 ms</span>
              </div> <!-- configuration-method after -->
              <div class="configuration-method before">
                <span class="method-name">setUp</span>
                <span class="method-start">17512 ms</span>
              </div> <!-- configuration-method before -->
              <div class="test-method">
                <span class="method-name">Validatecreatenewcustomer(Von, 06/09/1889, 54 Loeprich Road, Concord, California, 945222.0, 7.89456124E9, vswadlen9@oracle.com...)</span>
                <span class="method-start">23236 ms</span>
              </div> <!-- test-method -->
              <div class="configuration-method after">
                <span class="method-name">tearDown</span>
                <span class="method-start">30110 ms</span>
              </div> <!-- configuration-method after -->
              <div class="configuration-method before">
                <span class="method-name">setUp</span>
                <span class="method-start">30796 ms</span>
              </div> <!-- configuration-method before -->
              <div class="test-method">
                <span class="method-name">Validatecreatenewcustomer(Aila, 06/09/1890, 8 Dorton Circle, Toledo, Ohio, 433610.0, 7.894561241E9, alogiea@themeforest.net, 0...)</span>
                <span class="method-start">37244 ms</span>
              </div> <!-- test-method -->
              <div class="configuration-method after">
                <span class="method-name">tearDown</span>
                <span class="method-start">42510 ms</span>
              </div> <!-- configuration-method after -->
              <div class="configuration-method before">
                <span class="method-name">setUp</span>
                <span class="method-start">43205 ms</span>
              </div> <!-- configuration-method before -->
              <div class="test-method">
                <span class="method-name">Validatecreatenewcustomer(Sol, 06/09/1891, 925 Summit Alley, New York City, New York, 436140.0, 7.894561242E9, smccutheonb@dis...)</span>
                <span class="method-start">49027 ms</span>
              </div> <!-- test-method -->
              <div class="configuration-method after">
                <span class="method-name">tearDown</span>
                <span class="method-start">53323 ms</span>
              </div> <!-- configuration-method after -->
              <div class="configuration-method before">
                <span class="method-name">setUp</span>
                <span class="method-start">54108 ms</span>
              </div> <!-- configuration-method before -->
              <div class="test-method">
                <span class="method-name">Validatecreatenewcustomer(Fanechka, 06/09/1892, 18043 Ridgeview Trail, Jacksonville, Florida, 435610.0, 7.894561243E9, fbraunl...)</span>
                <span class="method-start">59955 ms</span>
              </div> <!-- test-method -->
              <div class="configuration-method after">
                <span class="method-name">tearDown</span>
                <span class="method-start">65587 ms</span>
              </div> <!-- configuration-method after -->
              <div class="configuration-method before">
                <span class="method-name">setUp</span>
                <span class="method-start">66775 ms</span>
              </div> <!-- configuration-method before -->
              <div class="test-method">
                <img src="failed.png">
                </img>
                <span class="method-name">Validatecreatenewcustomer(Marissa, 06/09/1893, 46580 Meadow Valley Way, Fort Lauderdale, Florida, 436610.0, 7.894561244E9, mni...)</span>
                <span class="method-start">71753 ms</span>
              </div> <!-- test-method -->
              <div class="configuration-method after">
                <span class="method-name">tearDown</span>
                <span class="method-start">94690 ms</span>
              </div> <!-- configuration-method after -->
            </div> <!-- chronological-class -->
            <div class="chronological-class">
              <div class="chronological-class-name">com.gb.TestCases.HomePageTest</div> <!-- chronological-class-name -->
              <div class="configuration-method before">
                <img src="failed.png">
                </img>
                <span class="method-name">setUp</span>
                <span class="method-start">95441 ms</span>
              </div> <!-- configuration-method before -->
              <div class="test-method">
                <span class="method-name">verifyManagerHomePageTitleTest</span>
                <span class="method-start">118831 ms</span>
              </div> <!-- test-method -->
              <div class="configuration-method after">
                <span class="method-name">tearDown</span>
                <span class="method-start">118840 ms</span>
              </div> <!-- configuration-method after -->
              <div class="configuration-method before">
                <span class="method-name">setUp</span>
                <span class="method-start">118842 ms</span>
              </div> <!-- configuration-method before -->
              <div class="test-method">
                <span class="method-name">verifyManagerHomepageHeadingTest</span>
                <span class="method-start">118844 ms</span>
              </div> <!-- test-method -->
              <div class="configuration-method after">
                <span class="method-name">tearDown</span>
                <span class="method-start">118849 ms</span>
              </div> <!-- configuration-method after -->
              <div class="configuration-method before">
                <span class="method-name">setUp</span>
                <span class="method-start">118851 ms</span>
              </div> <!-- configuration-method before -->
              <div class="test-method">
                <span class="method-name">verifyManagerIdTest</span>
                <span class="method-start">118853 ms</span>
              </div> <!-- test-method -->
              <div class="configuration-method after">
                <span class="method-name">tearDown</span>
                <span class="method-start">118877 ms</span>
              </div> <!-- configuration-method after -->
            </div> <!-- chronological-class -->
            <div class="chronological-class">
              <div class="chronological-class-name">com.gb.TestCases.LoginPageTest</div> <!-- chronological-class-name -->
              <div class="configuration-method before">
                <span class="method-name">setUp</span>
                <span class="method-start">118880 ms</span>
              </div> <!-- configuration-method before -->
              <div class="test-method">
                <img src="failed.png">
                </img>
                <span class="method-name">loginTest</span>
                <span class="method-start">121327 ms</span>
              </div> <!-- test-method -->
              <div class="configuration-method after">
                <span class="method-name">tearDown</span>
                <span class="method-start">142513 ms</span>
              </div> <!-- configuration-method after -->
              <div class="configuration-method before">
                <span class="method-name">setUp</span>
                <span class="method-start">143308 ms</span>
              </div> <!-- configuration-method before -->
              <div class="test-method">
                <img src="failed.png">
                </img>
                <span class="method-name">loginPageTitleTest</span>
                <span class="method-start">145609 ms</span>
              </div> <!-- test-method -->
              <div class="configuration-method after">
                <span class="method-name">tearDown</span>
                <span class="method-start">166756 ms</span>
              </div> <!-- configuration-method after -->
              <div class="configuration-method before">
                <span class="method-name">setUp</span>
                <span class="method-start">167530 ms</span>
              </div> <!-- configuration-method before -->
              <div class="test-method">
                <img src="failed.png">
                </img>
                <span class="method-name">GuruLoginPageHeaderTest</span>
                <span class="method-start">170031 ms</span>
              </div> <!-- test-method -->
              <div class="configuration-method after">
                <span class="method-name">tearDown</span>
                <span class="method-start">191171 ms</span>
              </div> <!-- configuration-method after -->
          </div> <!-- main-panel-content rounded-window-bottom -->
        </div> <!-- panel -->
      </div> <!-- main-panel-root -->
    </div> <!-- wrapper -->
  </body>
<script type="text/javascript" src="testng-reports2.js"></script>
</html>
